==================== 2026-03-04T00:08:57.408266Z | 019cb62d-2316-7552-9487-9dd6245726e3 ====================
00:08:57.413270 [info ]: Installing dbt project and profile setup
00:08:57.446491 [info ]: Info Created .vscode/extensions.json with dbt extension recommendation
00:08:57.449743 [info ]: Success Project created successfully!
00:08:57.450191 [info ]: Info Project name: jaffle_shop
00:08:57.450926 [info ]: Info Project directory: jaffle_shop
00:08:57.451483 [info ]: Info Setting up your profile...
00:08:57.463972 [info ]: Loading ~/.dbt/profiles.yml
00:08:57.512263 [info ]: Profile 'jaffle_shop' already exists. You can choose how to proceed.
00:09:29.854276 [info ]: Info Creating new profile...
[0m01:10:47.141817 [debug] [MainThread]: Sending event: {'category': 'dbt', 'action': 'invocation', 'label': 'start', 'context': [<snowplow_tracker.self_describing_json.SelfDescribingJson object at 0x0000029A206601A0>, <snowplow_tracker.self_describing_json.SelfDescribingJson object at 0x0000029A1E1711D0>, <snowplow_tracker.self_describing_json.SelfDescribingJson object at 0x0000029A210A7110>]}


============================== 01:10:47.206169 | 7f70d3b8-9a6f-45b3-912a-29603d64a952 ==============================
[0m01:10:47.206169 [info ] [MainThread]: Running with dbt=1.11.6
[0m01:10:47.207695 [debug] [MainThread]: running dbt with arguments {'static_parser': 'True', 'no_print': 'None', 'version_check': 'True', 'warn_error_options': 'WarnErrorOptionsV2(error=[], warn=[], silence=[])', 'target_path': 'None', 'printer_width': '80', 'write_json': 'True', 'introspect': 'True', 'log_cache_events': 'False', 'empty': 'None', 'cache_selected_only': 'False', 'fail_fast': 'False', 'debug': 'False', 'log_format': 'default', 'partial_parse': 'True', 'send_anonymous_usage_stats': 'True', 'quiet': 'False', 'warn_error': 'None', 'profiles_dir': 'C:\\Users\\USER\\.dbt', 'use_colors': 'True', 'indirect_selection': 'eager', 'invocation_command': 'dbt init dbt_transform', 'use_experimental_parser': 'False', 'log_path': 'logs'}
[0m01:10:47.369149 [debug] [MainThread]: Starter project path: C:\Users\USER\Documents\GitHub\shop_profit\.venv\Lib\site-packages\dbt\include\starter_project
[0m01:10:47.398011 [info ] [MainThread]: 
Your new dbt project "dbt_transform" was created!

For more information on how to configure the profiles.yml file,
please consult the dbt documentation here:

  https://docs.getdbt.com/docs/configure-your-profile

One more thing:

Need help? Don't hesitate to reach out to us via GitHub issues or on Slack:

  https://community.getdbt.com/

Happy modeling!

[0m01:10:47.399725 [info ] [MainThread]: Setting up your profile.
[0m01:10:51.166763 [debug] [MainThread]: Command `dbt init` succeeded at 01:10:51.166446 after 4.32 seconds
[0m01:10:51.167667 [debug] [MainThread]: Sending event: {'category': 'dbt', 'action': 'invocation', 'label': 'end', 'context': [<snowplow_tracker.self_describing_json.SelfDescribingJson object at 0x0000029A227F3CE0>, <snowplow_tracker.self_describing_json.SelfDescribingJson object at 0x0000029A2109B410>, <snowplow_tracker.self_describing_json.SelfDescribingJson object at 0x0000029A22903790>]}
[0m01:10:51.168618 [debug] [MainThread]: Flushing usage events
[0m01:11:01.813076 [debug] [MainThread]: An error was encountered while trying to flush usage events
[0m07:24:02.912617 [debug] [MainThread]: Sending event: {'category': 'dbt', 'action': 'invocation', 'label': 'start', 'context': [<snowplow_tracker.self_describing_json.SelfDescribingJson object at 0x0000020353145160>, <snowplow_tracker.self_describing_json.SelfDescribingJson object at 0x0000020350DB8050>, <snowplow_tracker.self_describing_json.SelfDescribingJson object at 0x00000203542CFC50>]}


============================== 07:24:02.920564 | 5270b538-b456-4968-8522-ce03c1679adf ==============================
[0m07:24:02.920564 [info ] [MainThread]: Running with dbt=1.11.6
[0m07:24:02.921678 [debug] [MainThread]: running dbt with arguments {'version_check': 'True', 'no_print': 'None', 'static_parser': 'True', 'target_path': 'None', 'warn_error_options': 'WarnErrorOptionsV2(error=[], warn=[], silence=[])', 'printer_width': '80', 'write_json': 'True', 'introspect': 'True', 'log_cache_events': 'False', 'empty': 'False', 'cache_selected_only': 'False', 'log_format': 'default', 'debug': 'False', 'fail_fast': 'False', 'partial_parse': 'True', 'send_anonymous_usage_stats': 'True', 'quiet': 'False', 'warn_error': 'None', 'profiles_dir': 'C:\\Users\\USER\\.dbt', 'use_colors': 'True', 'indirect_selection': 'eager', 'invocation_command': 'dbt build', 'use_experimental_parser': 'False', 'log_path': 'logs'}
[0m07:24:02.922664 [error] [MainThread]: Encountered an error:
Runtime Error
  No dbt_project.yml found at expected path C:\Users\USER\Documents\GitHub\shop_profit\dbt_project.yml
  Verify that each entry within packages.yml (and their transitive dependencies) contains a file named dbt_project.yml
  
[0m07:24:02.924388 [debug] [MainThread]: Command `dbt build` failed at 07:24:02.924152 after 0.19 seconds
[0m07:24:02.924991 [debug] [MainThread]: Sending event: {'category': 'dbt', 'action': 'invocation', 'label': 'end', 'context': [<snowplow_tracker.self_describing_json.SelfDescribingJson object at 0x0000020354206D70>, <snowplow_tracker.self_describing_json.SelfDescribingJson object at 0x00000203542F60F0>, <snowplow_tracker.self_describing_json.SelfDescribingJson object at 0x00000203541138A0>]}
[0m07:24:02.925558 [debug] [MainThread]: Flushing usage events
[0m07:24:04.580850 [debug] [MainThread]: An error was encountered while trying to flush usage events
[0m12:58:29.285184 [debug] [MainThread]: Sending event: {'category': 'dbt', 'action': 'invocation', 'label': 'start', 'context': [<snowplow_tracker.self_describing_json.SelfDescribingJson object at 0x000001DDE170D6A0>, <snowplow_tracker.self_describing_json.SelfDescribingJson object at 0x000001DDDF59C410>, <snowplow_tracker.self_describing_json.SelfDescribingJson object at 0x000001DDE2AB7ED0>]}


============================== 12:58:29.295639 | 12fb0f69-b32e-4136-8171-20e40f73e0e2 ==============================
[0m12:58:29.295639 [info ] [MainThread]: Running with dbt=1.11.6
[0m12:58:29.296796 [debug] [MainThread]: running dbt with arguments {'version_check': 'True', 'no_print': 'None', 'static_parser': 'True', 'target_path': 'None', 'warn_error_options': 'WarnErrorOptionsV2(error=[], warn=[], silence=[])', 'printer_width': '80', 'write_json': 'True', 'introspect': 'True', 'log_cache_events': 'False', 'empty': 'False', 'cache_selected_only': 'False', 'fail_fast': 'False', 'debug': 'False', 'log_format': 'default', 'profiles_dir': 'C:\\Users\\USER\\.dbt', 'send_anonymous_usage_stats': 'True', 'quiet': 'False', 'warn_error': 'None', 'partial_parse': 'True', 'use_colors': 'True', 'indirect_selection': 'eager', 'invocation_command': 'dbt run', 'use_experimental_parser': 'False', 'log_path': 'logs'}
[0m12:58:29.298015 [error] [MainThread]: Encountered an error:
Runtime Error
  No dbt_project.yml found at expected path C:\Users\USER\documents\github\shop_profit\dbt_project.yml
  Verify that each entry within packages.yml (and their transitive dependencies) contains a file named dbt_project.yml
  
[0m12:58:29.300058 [debug] [MainThread]: Command `dbt run` failed at 12:58:29.299811 after 0.24 seconds
[0m12:58:29.300679 [debug] [MainThread]: Sending event: {'category': 'dbt', 'action': 'invocation', 'label': 'end', 'context': [<snowplow_tracker.self_describing_json.SelfDescribingJson object at 0x000001DDE29EED70>, <snowplow_tracker.self_describing_json.SelfDescribingJson object at 0x000001DDE299F0B0>, <snowplow_tracker.self_describing_json.SelfDescribingJson object at 0x000001DDE28EFAC0>]}
[0m12:58:29.301361 [debug] [MainThread]: Flushing usage events
[0m12:58:30.937210 [debug] [MainThread]: An error was encountered while trying to flush usage events
[0m15:50:04.301041 [debug] [MainThread]: Sending event: {'category': 'dbt', 'action': 'invocation', 'label': 'start', 'context': [<snowplow_tracker.self_describing_json.SelfDescribingJson object at 0x0000018434651400>, <snowplow_tracker.self_describing_json.SelfDescribingJson object at 0x00000184324B0190>, <snowplow_tracker.self_describing_json.SelfDescribingJson object at 0x00000184359D7B10>]}


============================== 15:50:04.310332 | d336fe95-3fd7-43e4-8f32-e78969b3c64f ==============================
[0m15:50:04.310332 [info ] [MainThread]: Running with dbt=1.11.6
[0m15:50:04.311737 [debug] [MainThread]: running dbt with arguments {'version_check': 'True', 'no_print': 'None', 'static_parser': 'True', 'target_path': 'None', 'warn_error_options': 'WarnErrorOptionsV2(error=[], warn=[], silence=[])', 'printer_width': '80', 'write_json': 'True', 'introspect': 'True', 'log_cache_events': 'False', 'empty': 'None', 'cache_selected_only': 'False', 'log_format': 'default', 'debug': 'False', 'fail_fast': 'False', 'profiles_dir': 'C:\\Users\\USER\\.dbt', 'send_anonymous_usage_stats': 'True', 'quiet': 'False', 'warn_error': 'None', 'partial_parse': 'True', 'invocation_command': 'dbt debug', 'use_colors': 'True', 'indirect_selection': 'eager', 'use_experimental_parser': 'False', 'log_path': 'logs'}
[0m15:50:04.361864 [info ] [MainThread]: dbt version: 1.11.6
[0m15:50:04.362664 [info ] [MainThread]: python version: 3.13.12
[0m15:50:04.363342 [info ] [MainThread]: python path: C:\Users\USER\Documents\GitHub\shop_profit\.venv\Scripts\python.exe
[0m15:50:04.363927 [info ] [MainThread]: os info: Windows-11-10.0.26200-SP0
[0m15:50:04.372781 [info ] [MainThread]: Error importing adapter: No module named 'dbt.adapters.bigquery'
[0m15:50:04.379160 [info ] [MainThread]: Error importing adapter: No module named 'dbt.adapters.bigquery'
[0m15:50:04.384862 [info ] [MainThread]: Error importing adapter: No module named 'dbt.adapters.bigquery'
[0m15:50:04.388639 [info ] [MainThread]: Error importing adapter: No module named 'dbt.adapters.bigquery'
[0m15:50:04.648112 [info ] [MainThread]: Using profiles dir at C:\Users\USER\.dbt
[0m15:50:04.648834 [info ] [MainThread]: Using profiles.yml file at C:\Users\USER\.dbt\profiles.yml
[0m15:50:04.649630 [info ] [MainThread]: Using dbt_project.yml file at C:\Users\USER\Documents\GitHub\shop_profit\dbt_project.yml
[0m15:50:04.650732 [info ] [MainThread]: Configuration:
[0m15:50:04.651638 [info ] [MainThread]:   profiles.yml file [[31mERROR invalid[0m]
[0m15:50:04.652292 [info ] [MainThread]:   dbt_project.yml file [[31mERROR not found[0m]
[0m15:50:04.652896 [info ] [MainThread]: Required dependencies:
[0m15:50:04.653652 [debug] [MainThread]: Executing "git --help"
[0m15:50:04.694661 [debug] [MainThread]: STDOUT: "b"usage: git [-v | --version] [-h | --help] [-C <path>] [-c <name>=<value>]\n           [--exec-path[=<path>]] [--html-path] [--man-path] [--info-path]\n           [-p | --paginate | -P | --no-pager] [--no-replace-objects] [--no-lazy-fetch]\n           [--no-optional-locks] [--no-advice] [--bare] [--git-dir=<path>]\n           [--work-tree=<path>] [--namespace=<name>] [--config-env=<name>=<envvar>]\n           <command> [<args>]\n\nThese are common Git commands used in various situations:\n\nstart a working area (see also: git help tutorial)\n   clone      Clone a repository into a new directory\n   init       Create an empty Git repository or reinitialize an existing one\n\nwork on the current change (see also: git help everyday)\n   add        Add file contents to the index\n   mv         Move or rename a file, a directory, or a symlink\n   restore    Restore working tree files\n   rm         Remove files from the working tree and from the index\n\nexamine the history and state (see also: git help revisions)\n   bisect     Use binary search to find the commit that introduced a bug\n   diff       Show changes between commits, commit and working tree, etc\n   grep       Print lines matching a pattern\n   log        Show commit logs\n   show       Show various types of objects\n   status     Show the working tree status\n\ngrow, mark and tweak your common history\n   backfill   Download missing objects in a partial clone\n   branch     List, create, or delete branches\n   commit     Record changes to the repository\n   merge      Join two or more development histories together\n   rebase     Reapply commits on top of another base tip\n   reset      Reset current HEAD to the specified state\n   switch     Switch branches\n   tag        Create, list, delete or verify a tag object signed with GPG\n\ncollaborate (see also: git help workflows)\n   fetch      Download objects and refs from another repository\n   pull       Fetch from and integrate with another repository or a local branch\n   push       Update remote refs along with associated objects\n\n'git help -a' and 'git help -g' list available subcommands and some\nconcept guides. See 'git help <command>' or 'git help <concept>'\nto read about a specific subcommand or concept.\nSee 'git help git' for an overview of the system.\n""
[0m15:50:04.695226 [debug] [MainThread]: STDERR: "b''"
[0m15:50:04.695744 [info ] [MainThread]:  - git [[32mOK found[0m]

[0m15:50:04.696381 [info ] [MainThread]: Connection test skipped since no profile was found
[0m15:50:04.697205 [info ] [MainThread]: [31m2 checks failed:[0m
[0m15:50:04.697772 [info ] [MainThread]: Could not load dbt_project.yml
Profile loading failed for the following reason:
Runtime Error
  Credentials in profile "default", target "dev" invalid: Runtime Error
    Could not find adapter type bigquery!

Runtime Error
  Credentials in profile "fullHouse", target "dev" invalid: Runtime Error
    Could not find adapter type bigquery!

Runtime Error
  Credentials in profile "ecom_store", target "dev" invalid: Runtime Error
    Could not find adapter type bigquery!

Runtime Error
  Credentials in profile "jaffle_shop", target "dev" invalid: Runtime Error
    Could not find adapter type bigquery!


[0m15:50:04.698429 [info ] [MainThread]: Project loading failed for the following reason:
 project path <C:\Users\USER\Documents\GitHub\shop_profit\dbt_project.yml> not found

[0m15:50:04.699972 [debug] [MainThread]: Command `dbt debug` failed at 15:50:04.699762 after 0.63 seconds
[0m15:50:04.700684 [debug] [MainThread]: Sending event: {'category': 'dbt', 'action': 'invocation', 'label': 'end', 'context': [<snowplow_tracker.self_describing_json.SelfDescribingJson object at 0x0000018436BC83E0>, <snowplow_tracker.self_describing_json.SelfDescribingJson object at 0x0000018436B73890>, <snowplow_tracker.self_describing_json.SelfDescribingJson object at 0x0000018435A585A0>]}
[0m15:50:04.701476 [debug] [MainThread]: Flushing usage events
[0m15:50:06.568167 [debug] [MainThread]: An error was encountered while trying to flush usage events
